# Logfile created on Fri Jan 10 13:56:10 +0000 2014 by logger.rb/1.2.6
I, [2014-01-10T13:56:10.369529 #18868]  INFO -- : 0:  rake (10.1.0) from /home/deepak/.rvm/gems/ruby-1.8.7-p374/specifications/rake-10.1.0.gemspec
I, [2014-01-10T13:56:12.716411 #18868]  INFO -- : 0:  activesupport (2.3.17) from /home/deepak/.rvm/gems/ruby-1.8.7-p374/specifications/activesupport-2.3.17.gemspec
I, [2014-01-10T13:56:14.326305 #18868]  INFO -- : 0:  rack (1.1.6) from /home/deepak/.rvm/gems/ruby-1.8.7-p374/specifications/rack-1.1.6.gemspec
I, [2014-01-10T13:56:16.935430 #18868]  INFO -- : 0:  actionpack (2.3.17) from /home/deepak/.rvm/gems/ruby-1.8.7-p374/specifications/actionpack-2.3.17.gemspec
E, [2014-01-10T13:57:20.158258 #18868] ERROR -- : Gem::RemoteFetcher::FetchError: Errno::ETIMEDOUT: Connection timed out - connect(2) (https://rubygems.org/gems/actionmailer-2.3.17.gem)
/home/deepak/.rvm/rubies/ruby-1.8.7-p374/lib/ruby/site_ruby/1.8/rubygems/remote_fetcher.rb:290:in `fetch_path'  \n/home/deepak/.rvm/rubies/ruby-1.8.7-p374/lib/ruby/site_ruby/1.8/rubygems/remote_fetcher.rb:304:in `cache_update_path'  \n/home/deepak/.rvm/rubies/ruby-1.8.7-p374/lib/ruby/site_ruby/1.8/rubygems/remote_fetcher.rb:170:in `download'  \n/home/deepak/.rvm/gems/ruby-1.8.7-p374@global/gems/bundler-1.5.1/lib/bundler/rubygems_integration.rb:511:in `download_gem'  \n/home/deepak/.rvm/gems/ruby-1.8.7-p374@global/gems/bundler-1.5.1/lib/bundler/fetcher.rb:41:in `download_gem_from_uri'  \n/home/deepak/.rvm/gems/ruby-1.8.7-p374@global/gems/bundler-1.5.1/lib/bundler/source/rubygems.rb:78:in `install'  \n/home/deepak/.rvm/gems/ruby-1.8.7-p374@global/gems/bundler-1.5.1/lib/bundler/installer.rb:111:in `install_gem_from_spec'  \n/home/deepak/.rvm/gems/ruby-1.8.7-p374@global/gems/bundler-1.5.1/lib/bundler/rubygems_integration.rb:150:in `with_build_args'  \n/home/deepak/.rvm/gems/ruby-1.8.7-p374@global/gems/bundler-1.5.1/lib/bundler/installer.rb:110:in `install_gem_from_spec'  \n/home/deepak/.rvm/gems/ruby-1.8.7-p374@global/gems/bundler-1.5.1/lib/bundler/installer.rb:295:in `install_sequentially'  \n(__FORWARDABLE__):3:in `each'  \n(__FORWARDABLE__):3:in `__send__'  \n(__FORWARDABLE__):3:in `each'  \n/home/deepak/.rvm/gems/ruby-1.8.7-p374@global/gems/bundler-1.5.1/lib/bundler/installer.rb:294:in `install_sequentially'  \n/home/deepak/.rvm/gems/ruby-1.8.7-p374@global/gems/bundler-1.5.1/lib/bundler/installer.rb:97:in `run'  \n/home/deepak/.rvm/gems/ruby-1.8.7-p374@global/gems/bundler-1.5.1/lib/bundler/installer.rb:15:in `install'  \n/home/deepak/.rvm/gems/ruby-1.8.7-p374@global/gems/bundler-1.5.1/lib/bundler/cli.rb:257:in `install'  \n/home/deepak/.rvm/gems/ruby-1.8.7-p374@global/gems/bundler-1.5.1/lib/bundler/vendor/thor/command.rb:27:in `__send__'  \n/home/deepak/.rvm/gems/ruby-1.8.7-p374@global/gems/bundler-1.5.1/lib/bundler/vendor/thor/command.rb:27:in `run'  \n/home/deepak/.rvm/gems/ruby-1.8.7-p374@global/gems/bundler-1.5.1/lib/bundler/vendor/thor/invocation.rb:120:in `invoke_command'  \n/home/deepak/.rvm/gems/ruby-1.8.7-p374@global/gems/bundler-1.5.1/lib/bundler/vendor/thor.rb:363:in `dispatch'  \n/home/deepak/.rvm/gems/ruby-1.8.7-p374@global/gems/bundler-1.5.1/lib/bundler/vendor/thor/base.rb:438:in `start'  \n/home/deepak/.rvm/gems/ruby-1.8.7-p374@global/gems/bundler-1.5.1/lib/bundler/cli.rb:10:in `start'  \n/home/deepak/.rvm/gems/ruby-1.8.7-p374@global/gems/bundler-1.5.1/bin/bundle:22  \n/home/deepak/.rvm/gems/ruby-1.8.7-p374@global/gems/bundler-1.5.1/lib/bundler/friendly_errors.rb:5:in `with_friendly_errors'  \n/home/deepak/.rvm/gems/ruby-1.8.7-p374@global/gems/bundler-1.5.1/bin/bundle:22  \n/home/deepak/.rvm/gems/ruby-1.8.7-p374@global/bin/bundle:23:in `load'  \n/home/deepak/.rvm/gems/ruby-1.8.7-p374@global/bin/bundle:23  \n/home/deepak/.rvm/gems/ruby-1.8.7-p374@global/bin/ruby_executable_hooks:15
I, [2014-01-10T14:04:26.760134 #19136]  INFO -- : 0:  rake (10.1.0) from /home/deepak/.rvm/gems/ruby-1.8.7-p374/specifications/rake-10.1.0.gemspec
I, [2014-01-10T14:04:26.823173 #19136]  INFO -- : 0:  activesupport (2.3.17) from /home/deepak/.rvm/gems/ruby-1.8.7-p374/specifications/activesupport-2.3.17.gemspec
I, [2014-01-10T14:04:26.824106 #19136]  INFO -- : 0:  rack (1.1.6) from /home/deepak/.rvm/gems/ruby-1.8.7-p374/specifications/rack-1.1.6.gemspec
I, [2014-01-10T14:04:26.824946 #19136]  INFO -- : 0:  actionpack (2.3.17) from /home/deepak/.rvm/gems/ruby-1.8.7-p374/specifications/actionpack-2.3.17.gemspec
I, [2014-01-10T14:04:26.826059 #19136]  INFO -- : 0:  actionmailer (2.3.17) from /home/deepak/.rvm/gems/ruby-1.8.7-p374/specifications/actionmailer-2.3.17.gemspec
I, [2014-01-10T14:04:29.692141 #19136]  INFO -- : 0:  activerecord (2.3.17) from /home/deepak/.rvm/gems/ruby-1.8.7-p374/specifications/activerecord-2.3.17.gemspec
I, [2014-01-10T14:04:31.113937 #19136]  INFO -- : 0:  activeresource (2.3.17) from /home/deepak/.rvm/gems/ruby-1.8.7-p374/specifications/activeresource-2.3.17.gemspec
I, [2014-01-10T14:04:38.812519 #19136]  INFO -- : 0:  mysql (2.9.1) from /home/deepak/.rvm/gems/ruby-1.8.7-p374/specifications/mysql-2.9.1.gemspec
I, [2014-01-10T14:04:40.921425 #19136]  INFO -- : 0:  rails (2.3.17) from /home/deepak/.rvm/gems/ruby-1.8.7-p374/specifications/rails-2.3.17.gemspec
I, [2014-01-10T14:04:40.922453 #19136]  INFO -- : 0:  bundler (1.5.1) from /home/deepak/.rvm/gems/ruby-1.8.7-p374@global/specifications/bundler-1.5.1.gemspec
I, [2014-01-10T15:42:27.032083 #22585]  INFO -- : 0:  rake (10.1.0) from /home/deepak/.rvm/gems/ruby-1.8.7-p374/specifications/rake-10.1.0.gemspec
I, [2014-01-10T15:42:27.056486 #22585]  INFO -- : 0:  activesupport (2.3.17) from /home/deepak/.rvm/gems/ruby-1.8.7-p374/specifications/activesupport-2.3.17.gemspec
I, [2014-01-10T15:42:27.057255 #22585]  INFO -- : 0:  rack (1.1.6) from /home/deepak/.rvm/gems/ruby-1.8.7-p374/specifications/rack-1.1.6.gemspec
I, [2014-01-10T15:42:27.057993 #22585]  INFO -- : 0:  actionpack (2.3.17) from /home/deepak/.rvm/gems/ruby-1.8.7-p374/specifications/actionpack-2.3.17.gemspec
I, [2014-01-10T15:42:27.058723 #22585]  INFO -- : 0:  actionmailer (2.3.17) from /home/deepak/.rvm/gems/ruby-1.8.7-p374/specifications/actionmailer-2.3.17.gemspec
I, [2014-01-10T15:42:27.059529 #22585]  INFO -- : 0:  activerecord (2.3.17) from /home/deepak/.rvm/gems/ruby-1.8.7-p374/specifications/activerecord-2.3.17.gemspec
I, [2014-01-10T15:42:27.060291 #22585]  INFO -- : 0:  activeresource (2.3.17) from /home/deepak/.rvm/gems/ruby-1.8.7-p374/specifications/activeresource-2.3.17.gemspec
I, [2014-01-10T15:42:27.061072 #22585]  INFO -- : 0:  mysql (2.9.1) from /home/deepak/.rvm/gems/ruby-1.8.7-p374/specifications/mysql-2.9.1.gemspec
I, [2014-01-10T15:42:27.062124 #22585]  INFO -- : 0:  rails (2.3.17) from /home/deepak/.rvm/gems/ruby-1.8.7-p374/specifications/rails-2.3.17.gemspec
I, [2014-01-10T15:42:27.063148 #22585]  INFO -- : 0:  bundler (1.5.1) from /home/deepak/.rvm/gems/ruby-1.8.7-p374@global/specifications/bundler-1.5.1.gemspec
<<<<<<< HEAD
I, [2014-01-10T16:11:49.068038 #22770]  INFO -- : 0:  rake (10.1.0) from /home/deepak/.rvm/gems/ruby-1.8.7-p374/specifications/rake-10.1.0.gemspec
I, [2014-01-10T16:11:49.068965 #22770]  INFO -- : 0:  activesupport (2.3.17) from /home/deepak/.rvm/gems/ruby-1.8.7-p374/specifications/activesupport-2.3.17.gemspec
I, [2014-01-10T16:11:49.069747 #22770]  INFO -- : 0:  rack (1.1.6) from /home/deepak/.rvm/gems/ruby-1.8.7-p374/specifications/rack-1.1.6.gemspec
I, [2014-01-10T16:11:49.070505 #22770]  INFO -- : 0:  actionpack (2.3.17) from /home/deepak/.rvm/gems/ruby-1.8.7-p374/specifications/actionpack-2.3.17.gemspec
I, [2014-01-10T16:11:49.071252 #22770]  INFO -- : 0:  actionmailer (2.3.17) from /home/deepak/.rvm/gems/ruby-1.8.7-p374/specifications/actionmailer-2.3.17.gemspec
I, [2014-01-10T16:11:49.072078 #22770]  INFO -- : 0:  activerecord (2.3.17) from /home/deepak/.rvm/gems/ruby-1.8.7-p374/specifications/activerecord-2.3.17.gemspec
I, [2014-01-10T16:11:49.072913 #22770]  INFO -- : 0:  activeresource (2.3.17) from /home/deepak/.rvm/gems/ruby-1.8.7-p374/specifications/activeresource-2.3.17.gemspec
I, [2014-01-10T16:11:49.073644 #22770]  INFO -- : 0:  mysql (2.9.1) from /home/deepak/.rvm/gems/ruby-1.8.7-p374/specifications/mysql-2.9.1.gemspec
E, [2014-01-10T16:11:50.725414 #22770] ERROR -- : Gem::Installer::ExtensionBuildError: ERROR: Failed to build gem native extension.

        /home/deepak/.rvm/rubies/ruby-1.8.7-p374/bin/ruby extconf.rb 
checking for pg_config... no
No pg_config... trying anyway. If building fails, please try again with
 --with-pg-config=/path/to/pg_config
checking for libpq-fe.h... no
Can't find the 'libpq-fe.h header
*** extconf.rb failed ***
Could not create Makefile due to some reason, probably lack of
necessary libraries and/or headers.  Check the mkmf.log file for more
details.  You may need configuration options.

Provided configuration options:
	--with-opt-dir
	--without-opt-dir
	--with-opt-include
	--without-opt-include=${opt-dir}/include
	--with-opt-lib
	--without-opt-lib=${opt-dir}/lib
	--with-make-prog
	--without-make-prog
	--srcdir=.
	--curdir
	--ruby=/home/deepak/.rvm/rubies/ruby-1.8.7-p374/bin/ruby
	--with-pg
	--without-pg
	--with-pg-config
	--without-pg-config
	--with-pg_config
	--without-pg_config
	--with-pg-dir
	--without-pg-dir
	--with-pg-include
	--without-pg-include=${pg-dir}/include
	--with-pg-lib
	--without-pg-lib=${pg-dir}/lib


Gem files will remain installed in /home/deepak/.rvm/gems/ruby-1.8.7-p374/gems/pg-0.17.1 for inspection.
Results logged to /home/deepak/.rvm/gems/ruby-1.8.7-p374/gems/pg-0.17.1/ext/gem_make.out

/home/deepak/.rvm/rubies/ruby-1.8.7-p374/lib/ruby/site_ruby/1.8/rubygems/installer.rb:552:in `build_extensions'  \n/home/deepak/.rvm/rubies/ruby-1.8.7-p374/lib/ruby/site_ruby/1.8/rubygems/installer.rb:505:in `each'  \n/home/deepak/.rvm/rubies/ruby-1.8.7-p374/lib/ruby/site_ruby/1.8/rubygems/installer.rb:505:in `build_extensions'  \n/home/deepak/.rvm/rubies/ruby-1.8.7-p374/lib/ruby/site_ruby/1.8/rubygems/installer.rb:180:in `install'  \n/home/deepak/.rvm/gems/ruby-1.8.7-p374@global/gems/bundler-1.5.1/lib/bundler/source/rubygems.rb:95:in `install'  \n/home/deepak/.rvm/gems/ruby-1.8.7-p374@global/gems/bundler-1.5.1/lib/bundler/rubygems_integration.rb:118:in `preserve_paths'  \n/home/deepak/.rvm/gems/ruby-1.8.7-p374@global/gems/bundler-1.5.1/lib/bundler/source/rubygems.rb:94:in `install'  \n/home/deepak/.rvm/gems/ruby-1.8.7-p374@global/gems/bundler-1.5.1/lib/bundler/installer.rb:111:in `install_gem_from_spec'  \n/home/deepak/.rvm/gems/ruby-1.8.7-p374@global/gems/bundler-1.5.1/lib/bundler/rubygems_integration.rb:150:in `with_build_args'  \n/home/deepak/.rvm/gems/ruby-1.8.7-p374@global/gems/bundler-1.5.1/lib/bundler/installer.rb:110:in `install_gem_from_spec'  \n/home/deepak/.rvm/gems/ruby-1.8.7-p374@global/gems/bundler-1.5.1/lib/bundler/installer.rb:295:in `install_sequentially'  \n(__FORWARDABLE__):3:in `each'  \n(__FORWARDABLE__):3:in `__send__'  \n(__FORWARDABLE__):3:in `each'  \n/home/deepak/.rvm/gems/ruby-1.8.7-p374@global/gems/bundler-1.5.1/lib/bundler/installer.rb:294:in `install_sequentially'  \n/home/deepak/.rvm/gems/ruby-1.8.7-p374@global/gems/bundler-1.5.1/lib/bundler/installer.rb:97:in `run'  \n/home/deepak/.rvm/gems/ruby-1.8.7-p374@global/gems/bundler-1.5.1/lib/bundler/installer.rb:15:in `install'  \n/home/deepak/.rvm/gems/ruby-1.8.7-p374@global/gems/bundler-1.5.1/lib/bundler/cli.rb:257:in `install'  \n/home/deepak/.rvm/gems/ruby-1.8.7-p374@global/gems/bundler-1.5.1/lib/bundler/vendor/thor/command.rb:27:in `__send__'  \n/home/deepak/.rvm/gems/ruby-1.8.7-p374@global/gems/bundler-1.5.1/lib/bundler/vendor/thor/command.rb:27:in `run'  \n/home/deepak/.rvm/gems/ruby-1.8.7-p374@global/gems/bundler-1.5.1/lib/bundler/vendor/thor/invocation.rb:120:in `invoke_command'  \n/home/deepak/.rvm/gems/ruby-1.8.7-p374@global/gems/bundler-1.5.1/lib/bundler/vendor/thor.rb:363:in `dispatch'  \n/home/deepak/.rvm/gems/ruby-1.8.7-p374@global/gems/bundler-1.5.1/lib/bundler/vendor/thor/base.rb:438:in `start'  \n/home/deepak/.rvm/gems/ruby-1.8.7-p374@global/gems/bundler-1.5.1/lib/bundler/cli.rb:10:in `start'  \n/home/deepak/.rvm/gems/ruby-1.8.7-p374@global/gems/bundler-1.5.1/bin/bundle:22  \n/home/deepak/.rvm/gems/ruby-1.8.7-p374@global/gems/bundler-1.5.1/lib/bundler/friendly_errors.rb:5:in `with_friendly_errors'  \n/home/deepak/.rvm/gems/ruby-1.8.7-p374@global/gems/bundler-1.5.1/bin/bundle:22  \n/home/deepak/.rvm/gems/ruby-1.8.7-p374@global/bin/bundle:23:in `load'  \n/home/deepak/.rvm/gems/ruby-1.8.7-p374@global/bin/bundle:23  \n/home/deepak/.rvm/gems/ruby-1.8.7-p374/bin/ruby_executable_hooks:15
=======
>>>>>>> f9b84d556ed3dda402da1f5f66e1cf942c7f01e0
